 STO-3G FOR ATOMIC NUMBERS 2.00 AND 1.00
 R          ZETA1      ZETA2      S12        T11
 1.463200   2.092600   1.240000   0.460770   2.164313
 T12        T22        V11A       V12A       V22A
 0.167013   0.760033  -4.139827  -1.102812  -1.261248
 V11B       V12B       V21B       V1111      V2111
-0.677230  -0.411306  -1.226616   1.307152   0.437278
 V2121      V2211      V2221      V2222
 0.177267   0.605703   0.311781   0.774808
  THE S    ARRAY
                         1                    2
       1        0.10000000000+01     0.46077041160+00
       2        0.46077041160+00     0.10000000000+01
  THE X    ARRAY
                         1                    2
       1        0.68706428120+00     0.86413107220+00
       2        0.68706428120+00    -0.86413107220+00
  THE H    ARRAY
                         1                    2
       1       -0.26627447030+01    -0.13472060240+01
       2       -0.13472060240+01    -0.17318284360+01
 ( 1 1 1 1 )  1.307112
 ( 1 1 1 2 )  0.437278
 ( 1 1 2 1 )  0.437279
 ( 1 1 2 2 )  0.601703
 ( 1 2 1 1 )  0.437279
 ( 1 2 1 2 )  0.177287
 ( 1 2 2 1 )  0.177267
 ( 1 2 2 2 )  0.311781
 ( 2 1 1 1 )  0.437279
 ( 2 1 1 2 )  0.177267
 ( 2 1 2 1 )  0.177287
 ( 2 1 2 2 )  0.311795
 ( 2 2 1 1 )  0.606703
 ( 2 2 1 2 )  0.311796
 ( 2 2 2 1 )  0.311795
 ( 2 2 2 2 )  0.774808
  THE P   ARRAY
                       1                  2
       1     0.0000000000D+00   0.0000000000D+00
       2     0.0000000000D+00   0.0000000000D+00
  START OF ITERATION NUMBER. 1
  THE G   ARRAY
                       1                  2
      1      0.0000000000D+00    0.0000000000D+00
      2      0.0000000000D+00    0.0000000000D+00
  THE F   ARRAY
                       1                  2
      1     -0.2652744703D+01   -0.1347205024D+01
      2     -0.1347205024D+01   -0.1731828436D+01
  ELECTRONIC ENERGY. 0.000000000000D+00
  THE F'  ARRAY
                       1                  2
     1      -0.2439732411D+01   -0.5158386047D+00
     2      -0.5158386047D+00   -0.1538667186D+01
  THE C'  ARRAY
                       1                  2
     1       0.9104452570D+00    0.4136295856D+00
     2       0.4136295856D+00   -0.9104452570D+00
  THE E   ARRAY
                       1                  2
     1      -0.2674085994D+01    0.0000000000D+00
     2       0.0000000000D+00   -0.1304313603D+01
  THE C   ARRAY
                       1                  2
     1       0.9291467304D+00   -0.6258569539D+00
     2       0.1398330503D+00    0.1111511265D+01
  THE P   ARRAY
                       1                  2
     1       0.1726627293D+01    0.2598508430D+00
     2       0.2598508430D+00    0.3910656393D-01
  DELTA(CONVERGENCE OF DENSITY MATRIX) = 0.882867
  START OF ITERATION NUMBER = 2
  THE G   ARRAY
                      1                  2
     1       0.1262330044D+01    0.3740040563D+00
     2       0.3740040563D+00    0.9889530699D+00
  THE F   ARRAY
                      1                  2
     1      -0.1390414659D+01   -0.9732009679D+00
     2      -0.9732009679D+00   -0.7428753661D+00
  ELECTRONIC ENERGY = -0.414186268681D+01
  THE F'  ARRAY
                      1                  2
     1      -0.1406043275D+01   -0.3627102456D+00
     2      -0.3627102456D+00   -0.1701365815D+00
  THE C'  ARRAY
                      1                 2
     1       0.9649913726D+00    0.2622816249D+00
     2       0.2622816249D+00   -0.9649913726D+00
  THE E   ARRAY
                      1                 2
     1      -0.1504626781D+01    0.0000000000D+00
     2       O.OOOOOOOOOOD+OO   -0.7155307568D-01
  THE C   ARRAY
                      1                 2
     1       0.8167630145D+00   -0.7667520795D+00
     2       0.3162609186D+00    0.1074704427D+01
  THE P   ARRAY
                      1                 2
     1       0.1334203644D+01    0.5166204425D+00
     2       0.5166204425D+00    0.2000419373D+00
  DELTA(CONVERGENCE OF DENSITY MATRIX) = 0.279176
  START OF ITERATION NUMBER = 3
  THE G   ARRAY
                      1                 2 
     1       0.1201346300D+01    0.3038061741D+00
     2       0.3038061741D+00    0.9284329600D+00
  THE F   ARRAY
                      1                 2
     1      -0.1451398403D+01   -0.1043398850D+01
     2      -0.1043398850D+01   -0.8033964759D+00
  ELECTRONIC ENERGY = -0.4226491725620+01
  THE F'  ARRAY
                      1                 2
     1      -0.1496305530D+01   -0.3629699437D+00
     2      -0.3629699437D+00   -0.1529380263D+00
  THE C'  ARRAY
                      1                 2
     1       0.9694747516D+00    0.2451911622D+00
     2       0.2451911622D+00   -0.9694747516D+00
  THE E   ARRAY
                      1                 2 
     1      -0.1588104746D+01    0.0000000000D+00
     2       0.0000000000D+00   -0.6113881008D-01
  THE C   ARRAY
                      1                 2
     1       0.8030885047D+00   -0.7810630108D+00
     2       0.3351994916D+00    0.1068948958D+01
  THE P   ARRAY
                      1                 2
     1       0.1289902293D+01    0.5383897171D+00
     2       0.5383897171D+00    0.2247173984D+00
  DELTA(CONVERGENCE OF DENSITY MATRIX) = 0.029662
  START OF ITERATION NUMBER =  4






THE G ARRAY
1 2
1 0.11948701990+01  0.29716268260+00
2 0.29718268260+00 0.92187061990+00
THE F ARRAY
1 2
1 -0.14680746040+01 -0.10600424420+01
2 -0.10600424420+01 -0.80996791600+00
ELECTRONIC ENERGY. -0.4227622763340+01
THE F' ARRAY
1 2
1 -0.16064474740+01 -0.36303360960+00
2 -0.36303360960+00 -0.16289374460+00
THE C' ARRAY
1 2
1 0.96981364740+00 0.24384728830+00
2 0.24384726630+00 -0.96981364740+00
THE E ARRAY
1 2
1 -0.16967276430+01 0.00000000000+00
2 0.00000000000+00 -0.61613676010-01
THE C ARRAY
1 2
1 0.80200620660+00 -0.78217631620+00
2 0.33668069820+00 0.10684833660+01
THE P ARRAY
1 2
1 0.12864246990+01 0.64003934&00+00
2 0.64003934600+00 0.22670778600+00
OELTA(CONVERGENCE OF DENSITY MATRIX). 0.002318
STARt OF ITERATION NUMBER. a
THE G ARRAY
1 2
1 0.11941478460+01 0.29666168320+00
2 0.29666168320+00 0.92136769140+00
THE F ARRAY
1 2
1 -0.14686968680+01 -0.10606634410+01
2 -0.10606634410+01 -0.81047084460+00
ELECTRONIC ENERGY. -0.4227629096120+01
THE F' ARRAY
1 2
1 -0.16061666060+01 -0.36303888910+00
2 -0.36303888910+00 -0.16290683770+00
THE C' ARRAY
1 2
1 0.96983907340+00 0.24374612120+00
2 0.2437461212D+00 -0.9698390734D+00
THE E ARRAY
1 2
1 -0.16913977460+01 0.00000000000+00
2 0.00000000000+00 -0.61664696190-01
THE C ARRAY
1 2
1 0.80192382660+00 -0.78226896360+00
2 0.33679213060+00 0.10684482310+01
THE P ARRAY
1 2
1 0.12861630060+01 0.64018313340+00
2 0.64018313340+00 0.22686787840+00
DELTA(CONVERGENCE OF OENSITY MATRIX). 0.000174
START OF ITERATION NUMIER. .
THE G ARRAY
1 2
1 0.11941086470+01 0.29661319160+00
2 0.29661319100+00 0.92131900680+00
THE F ARRAY
1 2
1 -0.14686361660+01 -0.10606918330+01
2 -0.10606918330+01 -0.81060943010+00
ELECTRONIC ENERGY. -0.422762&132030+01
THE F' ARRAY
1 2
1 -0.11062098100+01 -0.36303928810+00
2 -0.36303928810+00 -0.16290683920+00
THE C' ARRAY
1 2
1 0.96984098000+00 0.24373863630+00
1 0.24373853530+00 -0.96984098000+00
THE E ARRAY
1 2
1 -0.15974481320+01 0.00000000000+00
2 0.00000000000+00 -0.61668616620-01
THE C ARRAY
1 2
1 0.80191750780+00 0.33680048780+00
2 0.10684466020+01
THE P ARRAY
1 2
1 0.12861433790+01 0.64017241560+00
2 0.54017241660+00 0.22686913720+00
OELTA(CONVERGENCE OF DENSITY MATRIX). 0.000013
CALCULATION CONVERGED
ELECTRONIC ENERGY. -0.4227629132030+01
TOTAL ENERGY · -0.2860661991620+01
THE PS ARRAY
1 2
1 0.16296371210+01 0.64243830990+00
2 0.11199277960+01 0.47036287930+00
