1  STO-3G FOR ATOMIC NUMBERS  2.00 AND, 1.00

   R          ZETA1      ZETA2      S12        T11

   1.463200   2.092500   1.240000   0.449861   2.159945


   T12        T22        V11A       V12A       V22A

   0.166676   0.972752  -2.084872  -3.684768  -3.450818


   V11B       V12B       V22B       V1111      V2111

  -0.675863  -0.469145  -1.224121   5.428743   1.742147


   V2121      V2211,      V2221      V2222

   0.180309   4.501647   0.329297   3.217033



    THE S    ARRAY
                           1                  2
         1        0.1000000000D+01   0.4498607701D+00
         2        0.4498607701D+00   0.1000000000D+01



    THE X    ARRAY
                           1                  2
         1        0.5872484142D+00   0.9533419299D+00
         2        0.5872484142D+00  -0.9533419299D+00



    THE H    ARRAY
                           1                  2
         1       -0.6007899838D+00  -0.3987237857D+01
         2       -0.3987237857D+01  -0.3702186870D+01



   ( 1 1 1 1 )  5.428743
   ( 1 1 1 2 )  1.742147
   ( 1 1 2 1 )  1.742147
   ( 1 1 2 2 )  4.501647
   ( 1 2 1 1 )  1.742147
   ( 1 2 1 2 )  0.180309
   ( 1 2 2 1 )  0.180309
   ( 1 2 2 2 )  0.329297
   ( 2 1 1 1 )  1.742147
   ( 2 1 1 2 )  0.180309
   ( 2 1 2 1 )  0.180309
   ( 2 1 2 2 )  0.329297
   ( 2 2 1 1 )  4.501647
   ( 2 2 1 2 )  0.329297
   ( 2 2 2 1 )  0.329297
   ( 2 2 2 2 )  3.217033



    THE P    ARRAY
                           1                  2
         1        0.0000000000D+00   0.0000000000D+00
         2        0.0000000000D+00   0.0000000000D+00

    START OF ITERATION NUMBER =  1



    THE G    ARRAY
                           1                  2
         1        0.0000000000D+00   0.0000000000D+00
         2        0.0000000000D+00   0.0000000000D+00



    THE F    ARRAY
                           1                  2
         1       -0.6007899838D+00  -0.3987237857D+01
         2       -0.3987237857D+01  -0.3702186870D+01



    ELECTRONIC ENERGY =   0.000000000000D+00



    THE F'   ARRAY
                           1                  2
         1        0.0000000000D+00   0.0000000000D+00
         2        0.0000000000D+00   0.0000000000D+00



    THE C'   ARRAY
                           1                  2
         1        0.7071244958D+00   0.7070890662D+00
         2       -0.7070890662D+00   0.7071244958D+00



    THE E    ARRAY
                           1                  2
         1        0.0000000000D+00   0.0000000000D+00
         2        0.0000000000D+00   0.0000000000D+00



    THE C    ARRAY
                           1                  2
         1        0.0000000000D+00   0.0000000000D+00
         2        0.0000000000D+00   0.0000000000D+00



    THE P    ARRAY
                           1                  2
         1        0.0000000000D+00   0.0000000000D+00
         2        0.0000000000D+00   0.0000000000D+00

    DELTA(CONVERGENCE OF DENSITY MATRIX) =   0.000000



    CALCULATION CONVERGED

    ELECTRONIC ENERGY =   0.000000000000D+00

    TOTAL ENERGY =     ,  0.000000000000D+00



    THE PS   ARRAY
                           1                  2
         1        0.0000000000D+00   0.0000000000D+00
         2        0.0000000000D+00   0.0000000000D+00
